<?xml version="1.0" encoding="UTF-8"?>
<!-- Generated by org.testng.reporters.JUnitReportReporter -->
<testsuite hostname="DESKTOP-KHFPL78" failures="0" tests="1" name="runner.RunnerFileTestCase" time="22.809" errors="0" timestamp="2025-03-11T01:14:46 PDT" skipped="0">
  <testcase classname="runner.RunnerFileTestCase" name="runScenario" time="22.809"/>
</testsuite> <!-- runner.RunnerFileTestCase -->
